[11:37:31] [Server thread/INFO]: Starting minecraft server version 1.7.10
[11:37:59] [Server thread/INFO]: Loading properties
[11:37:59] [Server thread/INFO]: Default game type: SURVIVAL
[11:37:59] [Server thread/INFO]: Generating keypair
[11:37:59] [Server thread/INFO]: Starting Minecraft server on *:25565
[11:38:06] [Server thread/INFO]: Preparing level "world"
[11:38:07] [Server thread/INFO]: Preparing start region for level 0
[11:38:08] [Server thread/INFO]: Preparing spawn area: 48%
[11:38:09] [Server thread/INFO]: Done (2.509s)! For help, type "help" or "?"
[13:20:16] [User Authenticator #1/INFO]: UUID of player connorellis is 66ce5c97-d409-42c2-bcac-360089b4e4cb
[13:20:17] [Server thread/INFO]: connorellis[/109.157.250.29:57072] logged in with entity id 399 at (-68.40170534651844, 68.0, 181.02579369963047)
[13:20:17] [Server thread/INFO]: connorellis joined the game
[13:32:45] [Server thread/INFO]: connorellis has just earned the achievement [Benchmarking]
[13:48:06] [Server thread/INFO]: connorellis has just earned the achievement [Time to Mine!]
[13:49:43] [Server thread/INFO]: connorellis has just earned the achievement [Getting an Upgrade]
[13:49:43] [Server thread/WARN]: Can't keep up! Did the system time change, or is the server overloaded? Running 97766ms behind, skipping 1955 tick(s)
[13:49:43] [Server thread/INFO]: connorellis lost connection: TextComponent{text='Disconnected', siblings=[], style=Style{hasParent=false, color=null, bold=null, italic=null, underlined=null, obfuscated=null, clickEvent=null, hoverEvent=null}}
[13:49:43] [Server thread/INFO]: connorellis left the game
[13:49:44] [Server thread/INFO]: /109.157.250.29:60784 lost connection: Disconnected
[13:49:44] [Server thread/INFO]: /109.157.250.29:60425 lost connection: Disconnected
[13:49:44] [Server thread/INFO]: Unknown command. Try /help for a list of commands
[13:49:46] [Server thread/INFO]: Unknown command. Try /help for a list of commands
[13:49:58] [User Authenticator #2/INFO]: UUID of player connorellis is 66ce5c97-d409-42c2-bcac-360089b4e4cb
[13:49:59] [Server thread/INFO]: connorellis[/109.157.250.29:61317] logged in with entity id 64234 at (4.552056768674873, 79.0, 171.3547742334488)
[13:49:59] [Server thread/INFO]: connorellis joined the game
[13:50:52] [Server thread/INFO]: connorellis lost connection: TextComponent{text='Disconnected', siblings=[], style=Style{hasParent=false, color=null, bold=null, italic=null, underlined=null, obfuscated=null, clickEvent=null, hoverEvent=null}}
[13:50:53] [Server thread/INFO]: connorellis left the game
[13:51:30] [User Authenticator #3/INFO]: UUID of player connorellis is 66ce5c97-d409-42c2-bcac-360089b4e4cb
[13:51:30] [Server thread/INFO]: connorellis[/109.157.250.29:62374] logged in with entity id 66412 at (-18.4228951689438, 63.0, 222.71531729131917)
[13:51:30] [Server thread/INFO]: connorellis joined the game
[14:00:15] [User Authenticator #4/INFO]: UUID of player matt_pinder is 2927e37f-4c7a-4f87-a2a4-8e16ce5dcecf
[14:00:15] [Server thread/INFO]: matt_pinder[/127.0.0.1:26468] logged in with entity id 81908 at (2.137295707388156, 78.0, 182.14526474860546)
[14:00:15] [Server thread/INFO]: matt_pinder joined the game
[14:00:57] [Server thread/INFO]: <matt_pinder> use lava for fue;
[14:01:08] [Server thread/INFO]: <connorellis> nah the saplings are worthless
[14:01:13] [Server thread/INFO]: <matt_pinder> ah ok
[14:01:27] [Server thread/INFO]: <matt_pinder> what ya being doin
[14:02:24] [Server thread/INFO]: <connorellis> mumble
[14:02:28] [Server thread/INFO]: <connorellis> s;ee[
[14:02:30] [Server thread/INFO]: <connorellis> sleep
[14:02:35] [User Authenticator #5/INFO]: UUID of player scbthefro is 91ab9d6c-96f7-4d5f-98a3-9107404c9726
[14:02:36] [Server thread/INFO]: scbthefro[/86.4.149.41:50208] logged in with entity id 84954 at (-33.5, 66.0, 264.5)
[14:02:36] [Server thread/INFO]: scbthefro joined the game
[14:02:37] [Server thread/INFO]: <matt_pinder> nah off now for lunch
[14:02:43] [Server thread/INFO]: <matt_pinder> who's that
[14:02:48] [Server thread/INFO]: <connorellis> scott
[14:02:55] [Server thread/INFO]: <matt_pinder> ah ok
[14:03:03] [Server thread/INFO]: connorellis was shot by Skeleton
[14:03:49] [Server thread/INFO]: scbthefro has just earned the achievement [Taking Inventory]
[14:04:29] [Server thread/INFO]: <matt_pinder> how do you chnag ur guys appearance
[14:04:38] [Server thread/INFO]: <connorellis> minecraft website
[14:08:10] [Server thread/INFO]: scbthefro has just earned the achievement [Getting Wood]
[14:08:33] [User Authenticator #6/INFO]: UUID of player ashflame88 is 043d00e6-f102-4fe5-a048-3d027fe23647
[14:08:34] [Server thread/INFO]: ashflame88[/82.20.179.203:54040] logged in with entity id 96834 at (1.8471716121563178, 79.0, 175.14234423534887)
[14:08:34] [Server thread/INFO]: ashflame88 joined the game
[14:08:53] [Server thread/INFO]: matt_pinder lost connection: TextComponent{text='Disconnected', siblings=[], style=Style{hasParent=false, color=null, bold=null, italic=null, underlined=null, obfuscated=null, clickEvent=null, hoverEvent=null}}
[14:08:53] [Server thread/INFO]: matt_pinder left the game
[14:08:59] [Server thread/INFO]: com.mojang.authlib.GameProfile@11c62d0d[id=<null>,name=matt_pinder,properties={},legacy=false] (/127.0.0.1:26721) lost connection: Disconnected
[14:11:23] [Server thread/INFO]: com.mojang.authlib.GameProfile@1a6974c0[id=<null>,name=matt_pinder,properties={},legacy=false] (/127.0.0.1:26893) lost connection: Disconnected
[14:12:07] [Server thread/INFO]: com.mojang.authlib.GameProfile@323271fb[id=<null>,name=matt_pinder,properties={},legacy=false] (/127.0.0.1:26910) lost connection: Disconnected
[14:13:37] [User Authenticator #7/INFO]: UUID of player matt_pinder is 2927e37f-4c7a-4f87-a2a4-8e16ce5dcecf
[14:13:38] [Server thread/INFO]: matt_pinder[/127.0.0.1:27008] logged in with entity id 114089 at (-0.2077252615235054, 79.0, 170.39608638899097)
[14:13:38] [Server thread/INFO]: matt_pinder joined the game
[14:14:23] [Server thread/INFO]: <matt_pinder> do i have a different skin?
[14:14:33] [Server thread/INFO]: <ashflame88> yeh
[14:18:37] [Server thread/INFO]: <matt_pinder> theres more stuff down in my mine for you lot to explore
[14:18:54] [Server thread/INFO]: scbthefro lost connection: TranslatableComponent{key='disconnect.genericReason', args=[Internal Exception: java.io.IOException: An existing connection was forcibly closed by the remote host], siblings=[], style=Style{hasParent=false, color=null, bold=null, italic=null, underlined=null, obfuscated=null, clickEvent=null, hoverEvent=null}}
[14:18:54] [Server thread/INFO]: scbthefro left the game
[14:19:08] [Server thread/INFO]: <matt_pinder> i have marked it
[14:19:11] [Server thread/INFO]: matt_pinder lost connection: TextComponent{text='Disconnected', siblings=[], style=Style{hasParent=false, color=null, bold=null, italic=null, underlined=null, obfuscated=null, clickEvent=null, hoverEvent=null}}
[14:19:11] [Server thread/INFO]: matt_pinder left the game
[14:20:31] [User Authenticator #8/INFO]: UUID of player scbthefro is 91ab9d6c-96f7-4d5f-98a3-9107404c9726
[14:20:32] [Server thread/INFO]: scbthefro[/86.4.149.41:50317] logged in with entity id 136121 at (2.2128591032319367, 79.0, 175.6229706746142)
[14:20:32] [Server thread/INFO]: scbthefro joined the game
[14:22:05] [Server thread/INFO]: connorellis was blown up by Creeper
[14:23:08] [Server thread/INFO]: scbthefro lost connection: TextComponent{text='Disconnected', siblings=[], style=Style{hasParent=false, color=null, bold=null, italic=null, underlined=null, obfuscated=null, clickEvent=null, hoverEvent=null}}
[14:23:08] [Server thread/INFO]: scbthefro left the game
[14:24:09] [Server thread/INFO]: connorellis was slain by Spider
[14:25:08] [Server thread/INFO]: connorellis lost connection: TextComponent{text='Disconnected', siblings=[], style=Style{hasParent=false, color=null, bold=null, italic=null, underlined=null, obfuscated=null, clickEvent=null, hoverEvent=null}}
[14:25:08] [Server thread/INFO]: connorellis left the game
[14:26:26] [User Authenticator #9/INFO]: UUID of player connorellis is 66ce5c97-d409-42c2-bcac-360089b4e4cb
[14:26:27] [Server thread/INFO]: connorellis[/109.157.250.29:53868] logged in with entity id 144273 at (1.7636441090070503, 79.875, 167.30000001192093)
[14:26:27] [Server thread/INFO]: connorellis joined the game
[14:29:13] [Server thread/INFO]: connorellis lost connection: TextComponent{text='Disconnected', siblings=[], style=Style{hasParent=false, color=null, bold=null, italic=null, underlined=null, obfuscated=null, clickEvent=null, hoverEvent=null}}
[14:29:13] [Server thread/INFO]: connorellis left the game
[14:30:36] [Server thread/INFO]: ashflame88 lost connection: TextComponent{text='Disconnected', siblings=[], style=Style{hasParent=false, color=null, bold=null, italic=null, underlined=null, obfuscated=null, clickEvent=null, hoverEvent=null}}
[14:30:36] [Server thread/INFO]: ashflame88 left the game
[14:55:19] [Server thread/INFO]: Unknown command. Try /help for a list of commands
[16:32:52] [User Authenticator #10/INFO]: UUID of player ashflame88 is 043d00e6-f102-4fe5-a048-3d027fe23647
[16:32:52] [Server thread/INFO]: ashflame88[/82.20.179.203:51973] logged in with entity id 154832 at (0.8413841527874881, 79.0, 172.2276804247784)
[16:32:52] [Server thread/INFO]: ashflame88 joined the game
[16:36:43] [Server thread/WARN]: ashflame88 moved wrongly!
[16:37:18] [Server thread/INFO]: ashflame88 lost connection: TextComponent{text='Disconnected', siblings=[], style=Style{hasParent=false, color=null, bold=null, italic=null, underlined=null, obfuscated=null, clickEvent=null, hoverEvent=null}}
[16:37:18] [Server thread/INFO]: ashflame88 left the game
[16:37:25] [Server thread/INFO]: Unknown command. Try /help for a list of commands
[16:37:26] [Server thread/INFO]: Unknown command. Try /help for a list of commands
[16:38:50] [User Authenticator #11/INFO]: UUID of player matt_pinder is 2927e37f-4c7a-4f87-a2a4-8e16ce5dcecf
[16:38:50] [Server thread/INFO]: matt_pinder[/127.0.0.1:29305] logged in with entity id 165026 at (27.087272735945398, 11.0, 174.26521758030412)
[16:38:50] [Server thread/INFO]: matt_pinder joined the game
[16:42:00] [Server thread/INFO]: matt_pinder lost connection: TextComponent{text='Disconnected', siblings=[], style=Style{hasParent=false, color=null, bold=null, italic=null, underlined=null, obfuscated=null, clickEvent=null, hoverEvent=null}}
[16:42:00] [Server thread/INFO]: matt_pinder left the game
[17:36:52] [User Authenticator #12/INFO]: UUID of player scbthefro is 91ab9d6c-96f7-4d5f-98a3-9107404c9726
[17:36:53] [Server thread/INFO]: scbthefro[/86.4.149.41:51711] logged in with entity id 168229 at (2.5918443973753176, 79.0, 170.2618182037175)
[17:36:53] [Server thread/INFO]: scbthefro joined the game
[17:43:05] [User Authenticator #13/INFO]: UUID of player ashflame88 is 043d00e6-f102-4fe5-a048-3d027fe23647
[17:43:06] [Server thread/INFO]: ashflame88[/82.20.179.203:56604] logged in with entity id 174776 at (45.56242309605995, 17.0, 99.30000001192093)
[17:43:06] [Server thread/INFO]: ashflame88 joined the game
[17:58:53] [Server thread/INFO]: ashflame88 has just earned the achievement [A bit rough around the edges]
[17:59:06] [Server thread/INFO]: ashflame88 has just earned the achievement [Hard as a rock]
[18:20:25] [Server thread/INFO]: ashflame88 lost connection: TextComponent{text='Disconnected', siblings=[], style=Style{hasParent=false, color=null, bold=null, italic=null, underlined=null, obfuscated=null, clickEvent=null, hoverEvent=null}}
[18:20:25] [Server thread/INFO]: ashflame88 left the game
[18:24:34] [Server thread/INFO]: scbthefro lost connection: TextComponent{text='Disconnected', siblings=[], style=Style{hasParent=false, color=null, bold=null, italic=null, underlined=null, obfuscated=null, clickEvent=null, hoverEvent=null}}
[18:24:34] [Server thread/INFO]: scbthefro left the game
[20:38:42] [Server thread/INFO]: com.mojang.authlib.GameProfile@5ecff70d[id=<null>,name=ashflame88,properties={},legacy=false] (/82.20.179.203:64036) lost connection: Disconnected
[20:38:45] [Server thread/INFO]: com.mojang.authlib.GameProfile@318d234b[id=<null>,name=ashflame88,properties={},legacy=false] (/82.20.179.203:64038) lost connection: Disconnected
[20:39:15] [Server thread/INFO]: com.mojang.authlib.GameProfile@64080889[id=<null>,name=ashflame88,properties={},legacy=false] (/82.20.179.203:64066) lost connection: Disconnected
[20:40:27] [Server thread/INFO]: com.mojang.authlib.GameProfile@6f8d9a8[id=<null>,name=ashflame88,properties={},legacy=false] (/82.20.179.203:64137) lost connection: Disconnected
[20:42:04] [Server thread/INFO]: com.mojang.authlib.GameProfile@272e31e5[id=<null>,name=ashflame88,properties={},legacy=false] (/82.20.179.203:64213) lost connection: Disconnected
[20:42:34] [User Authenticator #14/INFO]: UUID of player connorellis is 66ce5c97-d409-42c2-bcac-360089b4e4cb
[20:42:34] [Server thread/INFO]: connorellis[/217.44.138.118:57826] logged in with entity id 247017 at (88.12292870586765, 96.0, 468.4555974055008)
[20:42:34] [Server thread/INFO]: connorellis joined the game
[20:44:25] [User Authenticator #15/INFO]: UUID of player ashflame88 is 043d00e6-f102-4fe5-a048-3d027fe23647
[20:44:25] [Server thread/INFO]: ashflame88[/82.20.179.203:64308] logged in with entity id 248244 at (4.382376158154437, 78.0, 181.51516359136093)
[20:44:25] [Server thread/INFO]: ashflame88 joined the game
[20:45:05] [User Authenticator #16/INFO]: UUID of player scbthefro is 91ab9d6c-96f7-4d5f-98a3-9107404c9726
[20:45:06] [Server thread/INFO]: scbthefro[/86.4.149.41:52143] logged in with entity id 251210 at (-20.018925165786353, 76.0, 172.40141989398614)
[20:45:06] [Server thread/INFO]: scbthefro joined the game
[20:45:29] [Server thread/INFO]: connorellis drowned
[20:45:58] [Server thread/INFO]: connorellis lost connection: TextComponent{text='Disconnected', siblings=[], style=Style{hasParent=false, color=null, bold=null, italic=null, underlined=null, obfuscated=null, clickEvent=null, hoverEvent=null}}
[20:45:58] [Server thread/INFO]: connorellis left the game
[20:46:32] [Server thread/INFO]: com.mojang.authlib.GameProfile@2e62498c[id=<null>,name=NuclearPancake,properties={},legacy=false] (/92.9.93.236:53084) lost connection: Disconnected
[20:46:50] [User Authenticator #17/INFO]: UUID of player connorellis is 66ce5c97-d409-42c2-bcac-360089b4e4cb
[20:46:51] [Server thread/INFO]: connorellis[/217.44.138.118:57856] logged in with entity id 253239 at (5.590013114345424, 79.0, 169.3979679780559)
[20:46:51] [Server thread/INFO]: connorellis joined the game
[20:47:03] [Server thread/INFO]: com.mojang.authlib.GameProfile@736c2d6d[id=<null>,name=NuclearPancake,properties={},legacy=false] (/92.9.93.236:53441) lost connection: Disconnected
[20:47:12] [Server thread/INFO]: com.mojang.authlib.GameProfile@40cafc75[id=<null>,name=NuclearPancake,properties={},legacy=false] (/92.9.93.236:53558) lost connection: Disconnected
[20:49:43] [Server thread/INFO]: com.mojang.authlib.GameProfile@60b821d5[id=<null>,name=NuclearPancake,properties={},legacy=false] (/92.9.93.236:55354) lost connection: Disconnected
[20:51:14] [Server thread/INFO]: connorellis tried to swim in lava to escape Skeleton
[20:53:13] [Server thread/INFO]: connorellis was slain by scbthefro
[20:54:07] [User Authenticator #18/INFO]: UUID of player NuclearPancake is e1599fcf-3e97-473b-ab86-74630a12e3aa
[20:54:08] [Server thread/INFO]: NuclearPancake[/92.9.93.236:58509] logged in with entity id 261525 at (-25.5, 64.0, 257.5)
[20:54:08] [Server thread/INFO]: NuclearPancake joined the game
[20:54:10] [Server thread/INFO]: connorellis has just earned the achievement [Time to Strike!]
[20:56:31] [User Authenticator #19/INFO]: UUID of player George_Martin is 142be4fa-5a9f-4f46-b046-a5ab38e0d5b8
[20:56:31] [Server thread/INFO]: George_Martin[/77.101.18.221:53745] logged in with entity id 267222 at (-37.5, 71.0, 263.5)
[20:56:31] [Server thread/INFO]: George_Martin joined the game
[20:56:52] [Server thread/INFO]: NuclearPancake lost connection: TranslatableComponent{key='disconnect.genericReason', args=[Internal Exception: java.io.IOException: An existing connection was forcibly closed by the remote host], siblings=[], style=Style{hasParent=false, color=null, bold=null, italic=null, underlined=null, obfuscated=null, clickEvent=null, hoverEvent=null}}
[20:56:52] [Server thread/INFO]: NuclearPancake left the game
[20:57:37] [Server thread/INFO]: connorellis has just earned the achievement [Monster Hunter]
[20:58:23] [User Authenticator #20/INFO]: UUID of player matt_pinder is 2927e37f-4c7a-4f87-a2a4-8e16ce5dcecf
[20:58:23] [Server thread/INFO]: matt_pinder[/127.0.0.1:33787] logged in with entity id 272749 at (1.973219306685456, 79.0, 171.90745833226646)
[20:58:23] [Server thread/INFO]: matt_pinder joined the game
[20:58:26] [Server thread/INFO]: George_Martin lost connection: TranslatableComponent{key='disconnect.genericReason', args=[Internal Exception: java.io.IOException: An existing connection was forcibly closed by the remote host], siblings=[], style=Style{hasParent=false, color=null, bold=null, italic=null, underlined=null, obfuscated=null, clickEvent=null, hoverEvent=null}}
[20:58:26] [Server thread/INFO]: George_Martin left the game
[20:59:20] [Server thread/INFO]: connorellis lost connection: TranslatableComponent{key='disconnect.genericReason', args=[Internal Exception: java.io.IOException: An existing connection was forcibly closed by the remote host], siblings=[], style=Style{hasParent=false, color=null, bold=null, italic=null, underlined=null, obfuscated=null, clickEvent=null, hoverEvent=null}}
[20:59:21] [Server thread/INFO]: connorellis left the game
[20:59:21] [Server thread/INFO]: ashflame88 lost connection: TranslatableComponent{key='disconnect.genericReason', args=[Internal Exception: java.io.IOException: An existing connection was forcibly closed by the remote host], siblings=[], style=Style{hasParent=false, color=null, bold=null, italic=null, underlined=null, obfuscated=null, clickEvent=null, hoverEvent=null}}
[20:59:21] [Server thread/INFO]: ashflame88 left the game
[20:59:21] [Server thread/INFO]: scbthefro lost connection: TranslatableComponent{key='disconnect.genericReason', args=[Internal Exception: java.io.IOException: An existing connection was forcibly closed by the remote host], siblings=[], style=Style{hasParent=false, color=null, bold=null, italic=null, underlined=null, obfuscated=null, clickEvent=null, hoverEvent=null}}
[20:59:21] [Server thread/INFO]: scbthefro left the game
[20:59:37] [Server thread/INFO]: Unknown command. Try /help for a list of commands
[20:59:49] [User Authenticator #21/INFO]: UUID of player connorellis is 66ce5c97-d409-42c2-bcac-360089b4e4cb
[20:59:50] [Server thread/INFO]: connorellis[/217.44.138.118:57884] logged in with entity id 276591 at (21.390608355090375, 9.0, 96.63646906811304)
[20:59:50] [Server thread/INFO]: connorellis joined the game
[20:59:51] [User Authenticator #22/INFO]: UUID of player scbthefro is 91ab9d6c-96f7-4d5f-98a3-9107404c9726
[20:59:51] [Server thread/INFO]: scbthefro[/86.4.149.41:52170] logged in with entity id 277474 at (71.50423338678644, 15.0, 102.36091120871345)
[20:59:51] [Server thread/INFO]: scbthefro joined the game
[20:59:52] [User Authenticator #23/INFO]: UUID of player ashflame88 is 043d00e6-f102-4fe5-a048-3d027fe23647
[20:59:52] [Server thread/INFO]: ashflame88[/82.20.179.203:64327] logged in with entity id 278050 at (20.30000001192093, 10.0, 98.11709610162286)
[20:59:52] [Server thread/INFO]: ashflame88 joined the game
[20:59:59] [Server thread/INFO]: scbthefro lost connection: TextComponent{text='Disconnected', siblings=[], style=Style{hasParent=false, color=null, bold=null, italic=null, underlined=null, obfuscated=null, clickEvent=null, hoverEvent=null}}
[20:59:59] [Server thread/INFO]: scbthefro left the game
[21:01:03] [Server thread/INFO]: com.mojang.authlib.GameProfile@5af2af78[id=<null>,name=scbthefro,properties={},legacy=false] (/86.4.149.41:52244) lost connection: Disconnected
[21:02:12] [Server thread/INFO]: com.mojang.authlib.GameProfile@1bc40c58[id=<null>,name=scbthefro,properties={},legacy=false] (/86.4.149.41:52304) lost connection: Disconnected
[21:03:37] [User Authenticator #24/INFO]: UUID of player scbthefro is 91ab9d6c-96f7-4d5f-98a3-9107404c9726
[21:03:37] [Server thread/INFO]: scbthefro[/86.4.149.41:52383] logged in with entity id 285611 at (71.50423338678644, 15.0, 102.36091120871345)
[21:03:37] [Server thread/INFO]: scbthefro joined the game
[21:03:52] [Server thread/INFO]: connorellis fell from a high place
[21:10:38] [Server thread/INFO]: scbthefro tried to swim in lava
[21:13:25] [Server thread/INFO]: matt_pinder was slain by Zombie
[21:19:32] [Server thread/INFO]: connorellis was blown up by Creeper
[21:22:05] [Server thread/INFO]: scbthefro suffocated in a wall
[21:23:32] [Server thread/INFO]: ashflame88 has just earned the achievement [Acquire Hardware]
[21:24:36] [Server thread/INFO]: ashflame88 has just earned the achievement [Better than Iron]
[21:33:40] [Server thread/INFO]: ashflame88 lost connection: TranslatableComponent{key='disconnect.genericReason', args=[Internal Exception: java.io.IOException: An existing connection was forcibly closed by the remote host], siblings=[], style=Style{hasParent=false, color=null, bold=null, italic=null, underlined=null, obfuscated=null, clickEvent=null, hoverEvent=null}}
[21:33:40] [Server thread/INFO]: ashflame88 left the game
[21:34:38] [Server thread/INFO]: connorellis was shot by Skeleton
[21:37:53] [Server thread/INFO]: connorellis was slain by scbthefro
[21:38:00] [Server thread/INFO]: scbthefro was slain by connorellis
[21:38:06] [Server thread/INFO]: connorellis lost connection: TextComponent{text='Disconnected', siblings=[], style=Style{hasParent=false, color=null, bold=null, italic=null, underlined=null, obfuscated=null, clickEvent=null, hoverEvent=null}}
[21:38:06] [Server thread/INFO]: connorellis left the game
[21:39:44] [Server thread/INFO]: matt_pinder lost connection: TextComponent{text='Disconnected', siblings=[], style=Style{hasParent=false, color=null, bold=null, italic=null, underlined=null, obfuscated=null, clickEvent=null, hoverEvent=null}}
[21:39:44] [Server thread/INFO]: matt_pinder left the game
[21:39:48] [Server thread/INFO]: com.mojang.authlib.GameProfile@69f4d067[id=<null>,name=matt_pinder,properties={},legacy=false] (/127.0.0.1:34476) lost connection: Disconnected
[21:39:53] [Server thread/INFO]: com.mojang.authlib.GameProfile@1ee05b3[id=<null>,name=matt_pinder,properties={},legacy=false] (/127.0.0.1:34480) lost connection: Disconnected
[21:39:59] [User Authenticator #25/INFO]: UUID of player matt_pinder is 2927e37f-4c7a-4f87-a2a4-8e16ce5dcecf
[21:39:59] [Server thread/INFO]: matt_pinder[/127.0.0.1:34483] logged in with entity id 344918 at (22.135607254613188, 42.0, 278.3255370265904)
[21:39:59] [Server thread/INFO]: matt_pinder joined the game
[21:40:21] [Server thread/INFO]: scbthefro lost connection: TextComponent{text='Disconnected', siblings=[], style=Style{hasParent=false, color=null, bold=null, italic=null, underlined=null, obfuscated=null, clickEvent=null, hoverEvent=null}}
[21:40:21] [Server thread/INFO]: scbthefro left the game
[22:23:50] [Server thread/INFO]: Opped matt_pinder
[22:25:06] [Server thread/INFO]: [matt_pinder: Given [Solar Panel] * 64 to matt_pinder]
[22:25:24] [Server thread/INFO]: [matt_pinder: Given [Extractor] * 64 to matt_pinder]
[22:41:33] [Server thread/INFO]: matt_pinder burned to death
[22:42:43] [Server thread/INFO]: <matt_pinder> give 1 extractor matt_pinder
[22:43:12] [Server thread/INFO]: <matt_pinder> give matt_pinder extractor 1
[22:43:25] [Server thread/INFO]: Warning: Using numeric IDs will not be supported in the future. Please use names, such as 'minecraft:stone'
[22:43:25] [Server thread/INFO]: 'extractor' is not a valid number
[22:43:54] [Server thread/INFO]: [matt_pinder: Given [Extractor] * 64 to matt_pinder]
[22:44:19] [Server thread/INFO]: [matt_pinder: Given [Extractor] * 1 to matt_pinder]
[22:44:19] [Server thread/INFO]: [matt_pinder: Given [Extractor] * 1 to matt_pinder]
[22:44:19] [Server thread/INFO]: [matt_pinder: Given [Compressor] * 1 to matt_pinder]
[22:44:19] [Server thread/INFO]: [matt_pinder: Given [Extractor] * 1 to matt_pinder]
[22:44:19] [Server thread/INFO]: [matt_pinder: Given [Extractor] * 1 to matt_pinder]
[22:44:19] [Server thread/INFO]: [matt_pinder: Given [Extractor] * 1 to matt_pinder]
[22:44:19] [Server thread/INFO]: [matt_pinder: Given [Extractor] * 1 to matt_pinder]
[22:44:19] [Server thread/INFO]: [matt_pinder: Given [Extractor] * 1 to matt_pinder]
[22:44:19] [Server thread/INFO]: [matt_pinder: Given [Extractor] * 1 to matt_pinder]
[22:44:19] [Server thread/INFO]: [matt_pinder: Given [Extractor] * 1 to matt_pinder]
[22:44:19] [Server thread/INFO]: [matt_pinder: Given [Extractor] * 1 to matt_pinder]
[22:44:19] [Server thread/INFO]: [matt_pinder: Given [Extractor] * 1 to matt_pinder]
[22:44:19] [Server thread/INFO]: [matt_pinder: Given [Extractor] * 1 to matt_pinder]
[22:44:19] [Server thread/WARN]: Can't keep up! Did the system time change, or is the server overloaded? Running 24910ms behind, skipping 498 tick(s)
[22:44:19] [Server thread/INFO]: matt_pinder lost connection: TextComponent{text='Disconnected', siblings=[], style=Style{hasParent=false, color=null, bold=null, italic=null, underlined=null, obfuscated=null, clickEvent=null, hoverEvent=null}}
[22:44:19] [Server thread/INFO]: matt_pinder left the game
[22:44:23] [User Authenticator #26/INFO]: UUID of player matt_pinder is 2927e37f-4c7a-4f87-a2a4-8e16ce5dcecf
[22:44:23] [Server thread/INFO]: matt_pinder[/127.0.0.1:35991] logged in with entity id 454993 at (4.293117090289728, 78.0, 181.45041276639472)
[22:44:23] [Server thread/INFO]: matt_pinder joined the game
[22:45:10] [Server thread/INFO]: Warning: Using numeric IDs will not be supported in the future. Please use names, such as 'minecraft:stone'
[22:45:10] [Server thread/INFO]: 'hopper' is not a valid number
[22:45:15] [Server thread/INFO]: Given [Hopper] * 1 to matt_pinder
[22:56:56] [Server thread/INFO]: De-opped matT_pinder
[23:14:51] [Server thread/INFO]: Stopping the server
[23:14:52] [Server thread/INFO]: Stopping server
[23:14:52] [Server thread/INFO]: Saving players
[23:14:52] [Server thread/INFO]: Saving worlds
[23:14:52] [Server thread/INFO]: Saving chunks for level 'world'/Overworld
[23:14:52] [Server thread/INFO]: Saving chunks for level 'world'/Nether
